<?xml version="1.0" encoding="UTF-8"?>
<!-- Generated by org.testng.reporters.JUnitReportReporter -->
<testsuite hostname="LAPTOP-EKBJM42A" failures="0" tests="4" name="tests.LoginTest" time="19.734" errors="0" timestamp="2025-08-15T12:34:34 AEST" skipped="0">
  <testcase classname="tests.LoginTest" name="validateLoginPageTitle" time="4.237"/>
  <testcase classname="tests.LoginTest" name="validateLoginFieldsPresence" time="5.274"/>
  <testcase classname="tests.LoginTest" name="validateEmptyUsernameAndPassword" time="5.373"/>
  <testcase classname="tests.LoginTest" name="validateSuccessfulLogin" time="4.850"/>
</testsuite> <!-- tests.LoginTest -->
