<?xml version="1.0" encoding="UTF-8"?>
<!-- Generated by org.testng.reporters.JUnitReportReporter -->
<testsuite hostname="LAPTOP-EKBJM42A" failures="0" tests="2" name="tests.SelectHotelTest" time="25.560" errors="0" timestamp="2025-08-15T12:34:33 AEST" skipped="0">
  <testcase classname="tests.SelectHotelTest" name="validateHotelDetailsDisplayed" time="18.473"/>
  <testcase classname="tests.SelectHotelTest" name="validateGSTCalculation" time="7.087"/>
</testsuite> <!-- tests.SelectHotelTest -->
